app/build/intermediates/manifest_merge_blame_file/debug/manifest-merger-blame-debug-report.txt
1<?xml version="1.0" encoding="utf-8"?>
2<manifest xmlns:android="http://schemas.android.com/apk/res/android"
3    package="com.idtechdev.datamahasiswa"
4    android:versionCode="1"
5    android:versionName="1.0" >
6
7    <uses-sdk
8        android:minSdkVersion="21"
8-->src\main\AndroidManifest.xml
9        android:targetSdkVersion="28" />
9-->src\main\AndroidManifest.xml
10
11    <uses-permission android:name="android.permission.INTERNET" />
11-->src\main\AndroidManifest.xml:6:5-67
11-->src\main\AndroidManifest.xml:6:22-64
12
13    <uses-feature
13-->src\main\AndroidManifest.xml:7:5-83
14        android:name="android.hardware.camera"
14-->src\main\AndroidManifest.xml:7:19-57
15        android:required="true" />
15-->src\main\AndroidManifest.xml:7:58-81
16
17    <uses-permission android:name="android.permission.WRITE_EXTERNAL_STORAGE" />
17-->src\main\AndroidManifest.xml:8:5-81
17-->src\main\AndroidManifest.xml:8:22-78
18
19    <application
19-->src\main\AndroidManifest.xml:10:5-32:19
20        android:allowBackup="false"
20-->src\main\AndroidManifest.xml:11:9-36
21        android:appComponentFactory="android.support.v4.app.CoreComponentFactory"
21-->[com.android.support:support-compat:28.0.0] AndroidManifest.xml:22:18-91
22        android:debuggable="true"
23        android:icon="@mipmap/ic_launcher"
23-->src\main\AndroidManifest.xml:12:9-43
24        android:label="@string/app_name"
24-->src\main\AndroidManifest.xml:13:9-41
25        android:roundIcon="@mipmap/ic_launcher_round"
25-->src\main\AndroidManifest.xml:14:9-54
26        android:supportsRtl="true"
26-->src\main\AndroidManifest.xml:15:9-35
27        android:testOnly="true"
28        android:theme="@style/AppThemeRegist"
28-->src\main\AndroidManifest.xml:16:9-46
29        android:usesCleartextTraffic="true" >
29-->src\main\AndroidManifest.xml:17:9-44
30        <activity android:name="com.idtechdev.golek.activities.LoginActivity" />
30-->src\main\AndroidManifest.xml:19:9-81
30-->src\main\AndroidManifest.xml:19:19-78
31        <activity android:name="com.idtechdev.golek.activities.RegisterActivity" />
31-->src\main\AndroidManifest.xml:20:9-84
31-->src\main\AndroidManifest.xml:20:19-81
32        <activity android:name="com.idtechdev.golek.activities.HomeActivity" >
32-->src\main\AndroidManifest.xml:21:9-27:20
32-->src\main\AndroidManifest.xml:21:19-77
33            <intent-filter>
33-->src\main\AndroidManifest.xml:22:13-26:29
34                <action android:name="android.intent.action.MAIN" />
34-->src\main\AndroidManifest.xml:23:17-69
34-->src\main\AndroidManifest.xml:23:25-66
35
36                <category android:name="android.intent.category.LAUNCHER" />
36-->src\main\AndroidManifest.xml:25:17-77
36-->src\main\AndroidManifest.xml:25:27-74
37            </intent-filter>
38        </activity>
39        <activity android:name="com.idtechdev.golek.activities.MyProfileActivity" />
39-->src\main\AndroidManifest.xml:28:9-85
39-->src\main\AndroidManifest.xml:28:19-82
40        <activity android:name="com.idtechdev.golek.activities.MhsActivity" />
40-->src\main\AndroidManifest.xml:29:9-79
40-->src\main\AndroidManifest.xml:29:19-76
41        <activity android:name="com.idtechdev.golek.activities.MhsAddActivity" />
41-->src\main\AndroidManifest.xml:30:9-82
41-->src\main\AndroidManifest.xml:30:19-79
42        <activity android:name="com.idtechdev.golek.activities.MhsDetailActivity" />
42-->src\main\AndroidManifest.xml:31:9-85
42-->src\main\AndroidManifest.xml:31:19-82
43
44        <provider
44-->[com.squareup.picasso:picasso:2.71828] AndroidManifest.xml:8:9-11:40
45            android:name="com.squareup.picasso.PicassoProvider"
45-->[com.squareup.picasso:picasso:2.71828] AndroidManifest.xml:9:13-64
46            android:authorities="com.idtechdev.datamahasiswa.com.squareup.picasso"
46-->[com.squareup.picasso:picasso:2.71828] AndroidManifest.xml:10:13-72
47            android:exported="false" />
47-->[com.squareup.picasso:picasso:2.71828] AndroidManifest.xml:11:13-37
48    </application>
49
50</manifest>